0 info it worked if it ends with ok
1 verbose cli [ 'C:\\Program Files\\nodejs\\node.exe',
1 verbose cli   'C:\\Program Files\\nodejs\\node_modules\\npm\\bin\\npm-cli.js',
1 verbose cli   'run',
1 verbose cli   'dev' ]
2 info using npm@3.10.10
3 info using node@v6.11.3
4 verbose run-script [ 'predev', 'dev', 'postdev' ]
5 info lifecycle verkefni10@1.0.0~predev: verkefni10@1.0.0
6 silly lifecycle verkefni10@1.0.0~predev: no script for predev, continuing
7 info lifecycle verkefni10@1.0.0~dev: verkefni10@1.0.0
8 verbose lifecycle verkefni10@1.0.0~dev: unsafe-perm in lifecycle true
9 verbose lifecycle verkefni10@1.0.0~dev: PATH: C:\Program Files\nodejs\node_modules\npm\bin\node-gyp-bin;C:\Users\Arnar\Desktop\Skóldót\3. Misseri\Vefforritun\stort-verkefni2\gogn\node_modules\.bin;C:\Program Files\Haskell\bin;C:\Program Files\Haskell Platform\8.2.1\lib\extralibs\bin;C:\Program Files\Haskell Platform\8.2.1\bin;C:\ProgramData\Oracle\Java\javapath;C:\Program Files\Dell\DW WLAN Card;C:\Program Files (x86)\Intel\iCLS Client\;C:\Program Files\Intel\iCLS Client\;C:\WINDOWS\system32;C:\WINDOWS;C:\WINDOWS\System32\Wbem;C:\WINDOWS\System32\WindowsPowerShell\v1.0\;C:\Program Files (x86)\Intel\Intel(R) Management Engine Components\DAL;C:\Program Files\Intel\Intel(R) Management Engine Components\DAL;C:\Program Files (x86)\Intel\Intel(R) Management Engine Components\IPT;C:\Program Files\Intel\Intel(R) Management Engine Components\IPT;c:\Program Files\WIDCOMM\Bluetooth Software\;c:\Program Files\WIDCOMM\Bluetooth Software\syswow64;C:\MinGW\bin;C:\Program Files\nodejs\;C:\Program Files (x86)\Yarn\bin;C:\Program Files\Git\cmd;C:\Program Files\Haskell Platform\8.2.1\mingw\bin;C:\Users\Arnar\AppData\Roaming\cabal\bin;C:\Users\Arnar\AppData\Roaming\local\bin;C:\Program Files\Java\jdk1.8.0_101\bin;C:\Users\Arnar\AppData\Local\Microsoft\WindowsApps;C:\MinGW\bin;C:\intelFPGA_lite\16.1\modelsim_ase\win32aloem;C:\Users\Arnar\sqlite-tools-win32-x86-3200100;C:\Users\Arnar\AppData\Local\atom\bin;C:\Users\Arnar\AppData\Roaming\npm;C:\Users\Arnar\AppData\Local\Yarn\bin;C:\CamlLight\bin;C:\Users\Arnar\AppData\Local\Microsoft\WindowsApps;
10 verbose lifecycle verkefni10@1.0.0~dev: CWD: C:\Users\Arnar\Desktop\Skóldót\3. Misseri\Vefforritun\stort-verkefni2\gogn
11 silly lifecycle verkefni10@1.0.0~dev: Args: [ '/d /s /c', 'npm-run-all --parallel sass babel browser-sync' ]
12 silly lifecycle verkefni10@1.0.0~dev: Returned: code: 1  signal: null
13 info lifecycle verkefni10@1.0.0~dev: Failed to exec dev script
14 verbose stack Error: verkefni10@1.0.0 dev: `npm-run-all --parallel sass babel browser-sync`
14 verbose stack Exit status 1
14 verbose stack     at EventEmitter.<anonymous> (C:\Program Files\nodejs\node_modules\npm\lib\utils\lifecycle.js:255:16)
14 verbose stack     at emitTwo (events.js:106:13)
14 verbose stack     at EventEmitter.emit (events.js:191:7)
14 verbose stack     at ChildProcess.<anonymous> (C:\Program Files\nodejs\node_modules\npm\lib\utils\spawn.js:40:14)
14 verbose stack     at emitTwo (events.js:106:13)
14 verbose stack     at ChildProcess.emit (events.js:191:7)
14 verbose stack     at maybeClose (internal/child_process.js:920:16)
14 verbose stack     at Process.ChildProcess._handle.onexit (internal/child_process.js:230:5)
15 verbose pkgid verkefni10@1.0.0
16 verbose cwd C:\Users\Arnar\Desktop\Skóldót\3. Misseri\Vefforritun\stort-verkefni2\gogn
17 error Windows_NT 10.0.16299
18 error argv "C:\\Program Files\\nodejs\\node.exe" "C:\\Program Files\\nodejs\\node_modules\\npm\\bin\\npm-cli.js" "run" "dev"
19 error node v6.11.3
20 error npm  v3.10.10
21 error code ELIFECYCLE
22 error verkefni10@1.0.0 dev: `npm-run-all --parallel sass babel browser-sync`
22 error Exit status 1
23 error Failed at the verkefni10@1.0.0 dev script 'npm-run-all --parallel sass babel browser-sync'.
23 error Make sure you have the latest version of node.js and npm installed.
23 error If you do, this is most likely a problem with the verkefni10 package,
23 error not with npm itself.
23 error Tell the author that this fails on your system:
23 error     npm-run-all --parallel sass babel browser-sync
23 error You can get information on how to open an issue for this project with:
23 error     npm bugs verkefni10
23 error Or if that isn't available, you can get their info via:
23 error     npm owner ls verkefni10
23 error There is likely additional logging output above.
24 verbose exit [ 1, true ]
